  Airport.cpp
  Navigator.cpp
  proj3.cpp
C:\Users\wilfr\source\repos\proj3\Navigator.cpp(71,29): error C2065: 'm_airports': undeclared identifier
C:\Users\wilfr\source\repos\proj3\Navigator.cpp(72,38): error C2065: 'm_airports': undeclared identifier
C:\Users\wilfr\source\repos\proj3\Navigator.cpp(72,74): error C2065: 'm_airports': undeclared identifier
C:\Users\wilfr\source\repos\proj3\Navigator.cpp(76,52): error C2065: 'm_airports': undeclared identifier
C:\Users\wilfr\source\repos\proj3\Navigator.cpp(78,29): error C2065: 'm_airports': undeclared identifier
C:\Users\wilfr\source\repos\proj3\Navigator.cpp(79,17): error C2065: 'm_airports': undeclared identifier
C:\Users\wilfr\source\repos\proj3\Navigator.cpp(80,17): error C2065: 'm_airports': undeclared identifier
C:\Users\wilfr\source\repos\proj3\Navigator.cpp(81,17): error C2065: 'm_airports': undeclared identifier
C:\Users\wilfr\source\repos\proj3\Navigator.cpp(82,17): error C2065: 'm_airports': undeclared identifier
C:\Users\wilfr\source\repos\proj3\Navigator.cpp(83,17): error C2065: 'm_airports': undeclared identifier
C:\Users\wilfr\source\repos\proj3\Navigator.cpp(78,18): error C2660: 'Route::InsertEnd': function does not take 1 arguments
  C:\Users\wilfr\source\repos\proj3\Route.h(46,8):
  see declaration of 'Route::InsertEnd'
  C:\Users\wilfr\source\repos\proj3\Navigator.cpp(78,18):
  while trying to match the argument list '()'
  
C:\Users\wilfr\source\repos\proj3\Navigator.cpp(96,9): error C2065: 'm_routes': undeclared identifier
  Route.cpp
  Generating Code...
